SF:lib/key_constants.dart
DA:47,24
DA:48,8
DA:53,8
DA:58,8
DA:65,4
DA:67,3
DA:68,1
DA:69,1
LF:8
LH:8
end_of_record
SF:lib/models/quotes.dart
DA:37,9
DA:39,1
DA:40,1
DA:41,1
DA:42,1
DA:43,1
LF:6
LH:6
end_of_record
SF:lib/services/quotes_service.dart
DA:38,1
DA:40,1
DA:41,1
DA:42,2
DA:43,2
DA:44,2
DA:46,1
DA:47,3
DA:48,1
DA:52,0
LF:10
LH:9
end_of_record
SF:lib/notifiers/quotes_notifier.dart
DA:41,8
DA:44,16
DA:47,16
DA:49,8
DA:50,8
DA:51,8
DA:54,8
DA:55,8
DA:57,24
DA:58,8
DA:62,0
DA:63,12
DA:64,6
LF:13
LH:12
end_of_record
SF:lib/pages/all_quotes_screen.dart
DA:38,6
DA:40,6
DA:41,6
DA:45,6
DA:47,6
DA:48,6
DA:49,30
DA:53,6
DA:55,6
DA:56,6
DA:59,6
DA:60,6
DA:61,12
DA:62,6
DA:67,6
DA:68,6
DA:69,12
DA:70,6
DA:71,12
DA:72,6
DA:75,6
DA:76,6
DA:77,6
DA:79,6
DA:81,6
DA:82,12
DA:83,6
DA:85,6
DA:86,12
DA:87,6
LF:30
LH:30
end_of_record
SF:lib/pages/login_screen.dart
DA:39,3
DA:42,3
DA:44,6
DA:45,3
DA:46,3
DA:47,3
DA:48,3
DA:50,3
DA:51,3
DA:52,3
DA:53,3
DA:54,3
DA:56,3
DA:59,3
DA:62,3
DA:64,3
DA:66,3
DA:70,3
DA:72,3
DA:76,3
DA:78,3
DA:79,3
DA:84,3
DA:86,3
DA:88,3
DA:89,6
DA:94,3
DA:96,3
DA:97,3
DA:102,3
DA:104,3
DA:107,3
DA:109,3
DA:110,9
DA:111,3
DA:113,3
DA:115,3
DA:116,6
DA:121,3
DA:122,3
DA:126,3
LF:41
LH:41
end_of_record
SF:lib/notifiers/login_notifier.dart
DA:37,6
DA:39,3
DA:40,3
DA:41,3
DA:42,6
DA:43,3
DA:44,3
DA:49,15
LF:8
LH:8
end_of_record
